/api/products
/api/warehouses
/api/stores
/api/transactions
/api/health
/api/health/db
/api/example/status
/api/products
/api/suppliers
/api/stores
es
/api/transactions
/api/health
/api/health/db
/api/example/status
/api/transactions
/api/suppliers

/api/stores
/api/analytics/dashboard
/api/inventory/warnings
ranking
/api/health
/api/example/status
/api/products
/api/suppliers
/api/stores
es
/api/analytics/inventory-ranking
/api/inventory/warnings
/api/recommendations
/api/health
/api/health/db
/api/example/status
/api/products
/api/suppliers
/api/warehouses
/api/stores
/api/analytics/dashboard
/api/analytics/inventory-ranking
/api/recommendations
/api/health
/api/health/db
/api/example/status
/api/products
/api/suppliers
/api/warehouses
/api/stores
/api/analytics/dashboard
/api/analytics/inventory-ranking
/api/recommendations
s
/api/health
/api/example/status
/api/products
/api/suppliers
/api/warehouses
/api/stores
/api/analytics/dashboard
/api/analytics/inventory-ranking
/api/recommendations
s
/api/example/status
/api/products
/api/suppliers
/api/warehouses
/api/stores
/api/analytics/dashboard
/api/analytics/inventory-ranking
/api/recommendations
s
/api/health
/api/health/db
tus
/api/products
/api/suppliers

/api/stores
/api/recommendations
rd
anking
/api/inventory/warnings
/api/health
/api/example/status
/api/products
/api/suppliers
/api/warehouses
/api/stores
/api/health
status
/api/analytics/dashboard
/api/analytics/dashboard
/api/health/db
/api/products
/api/suppliers
/api/stores
es
/api/health
/api/health/db
/api/example/status
/api/analytics/dashboard
/api/inventory/warnings
/api/recommendations
ry-ranking
/api/products
/api/suppliers
/api/warehouses
/api/stores
/api/analytics/dashboard
/api/analytics/inventory-ranking
/api/recommendations
s
/api/health
/api/health/db
/api/example/status
/api/products
/api/suppliers
/api/warehouses
/api/analytics/dashboard
/api/analytics/inventory-ranking
/api/recommendations
/api/health
/api/health/db
/api/example/status
/api/products
/api/suppliers
/api/warehouses
/api/stores
/api/analytics/dashboard
/api/analytics/inventory-ranking
/api/inventory/warnings
/api/health
/api/health/db
/api/example/status
